\BOOKMARK [0][]{ccover.0}{\376\377\116\055\145\207\134\001\227\142}{}% 1
\BOOKMARK [0][]{ecover.0}{\376\377\202\361\145\207\134\001\227\142}{}% 2
\BOOKMARK [0][]{Declaration.0}{\376\377\123\237\122\033\140\047\130\360\146\016}{}% 3
\BOOKMARK [0][]{Committee.0}{\376\377\173\124\217\251\131\324\124\130\117\032}{}% 4
\BOOKMARK [0][]{section*.1}{\376\377\144\130\000\040\211\201}{}% 5
\BOOKMARK [0][]{section*.2}{\376\377\000A\000b\000s\000t\000r\000a\000c\000t}{}% 6
\BOOKMARK [0][]{section*.3}{\376\377\166\356\137\125}{}% 7
\BOOKMARK [0][]{section*.3}{\376\377\143\322\126\376\166\356\137\125}{}% 8
\BOOKMARK [0][]{section*.3}{\376\377\210\150\150\074\166\356\137\125}{}% 9
\BOOKMARK [0][]{chapter.1}{\376\377\173\054\116\000\172\340\000\040\000\040\137\025\212\000}{}% 10
\BOOKMARK [1][]{section.1.1}{\376\377\0001\000.\0001\000\040\170\024\172\166\200\314\146\157\124\214\141\017\116\111}{chapter.1}% 11
\BOOKMARK [1][]{section.1.2}{\376\377\0001\000.\0002\000\040\126\375\121\205\131\026\170\024\172\166\163\260\162\266}{chapter.1}% 12
\BOOKMARK [1][]{section.1.3}{\376\377\0001\000.\0003\000\040\147\054\170\024\172\166\135\345\117\134\121\205\133\271\124\214\172\340\202\202\133\211\143\222}{chapter.1}% 13
\BOOKMARK [0][]{chapter.2}{\376\377\173\054\116\214\172\340\000\040\000\040\166\370\121\163\142\200\147\057\123\237\164\006\166\204\122\006\147\220\116\016\170\024\172\166}{}% 14
\BOOKMARK [1][]{section.2.1}{\376\377\0002\000.\0001\000\040\000x\000x\000x\166\370\121\163\142\200\147\057\123\237\164\006\122\006\147\220\116\016\170\024\172\166}{chapter.2}% 15
\BOOKMARK [1][]{section.2.2}{\376\377\0002\000.\0002\000\040\147\054\172\340\134\017\202\202}{chapter.2}% 16
\BOOKMARK [0][]{chapter.3}{\376\377\173\054\116\011\172\340\000\040\000\040\166\370\121\163\173\227\154\325\166\204\170\024\172\166}{}% 17
\BOOKMARK [1][]{section.3.1}{\376\377\0003\000.\0001\000\040\166\370\121\163\142\200\147\057\123\237\164\006\173\200\217\360}{chapter.3}% 18
\BOOKMARK [2][]{subsection.3.1.1}{\376\377\0003\000.\0001\000.\0001\000\040\000x\000x\000x\173\227\154\325\173\200\217\360}{section.3.1}% 19
\BOOKMARK [2][]{subsection.3.1.2}{\376\377\0003\000.\0001\000.\0002\000\040\000x\000x\000x\152\041\127\213\173\200\217\360}{section.3.1}% 20
\BOOKMARK [1][]{section.3.2}{\376\377\0003\000.\0002\000\040\147\054\172\340\134\017\202\202}{chapter.3}% 21
\BOOKMARK [0][]{chapter.4}{\376\377\173\054\126\333\172\340\000\040\000\040\140\073\176\323\116\016\134\125\147\033}{}% 22
\BOOKMARK [1][]{section.4.1}{\376\377\0004\000.\0001\000\040\135\345\117\134\140\073\176\323}{chapter.4}% 23
\BOOKMARK [1][]{section.4.2}{\376\377\0004\000.\0002\000\040\135\345\117\134\134\125\147\033}{chapter.4}% 24
\BOOKMARK [0][]{section*.4}{\376\377\123\302\200\003\145\207\163\056}{}% 25
\BOOKMARK [0][]{chapter*.5}{\376\377\226\104\137\125}{}% 26
\BOOKMARK [0][]{chapter*.6}{\376\377\201\364\214\042}{}% 27
